<?xml version="1.0" encoding="UTF-8"?>
<testsuite xmlns:xsi="http://www.w3.org/2001/XMLSchema-instance" xsi:noNamespaceSchemaLocation="https://maven.apache.org/surefire/maven-surefire-plugin/xsd/surefire-test-report-3.0.xsd" version="3.0" name="flightapp.FlightServiceTest" time="4.389" tests="2" errors="0" skipped="0" failures="0">
  <properties>
    <property name="java.specification.version" value="15"/>
    <property name="test.cases" value="cases/mycases/create"/>
    <property name="sun.jnu.encoding" value="UTF-8"/>
    <property name="java.class.path" value="/Users/ericboris/.m2/repository/org/apache/maven/surefire/surefire-booter/3.0.0-M4/surefire-booter-3.0.0-M4.jar:/Users/ericboris/.m2/repository/org/apache/maven/surefire/surefire-api/3.0.0-M4/surefire-api-3.0.0-M4.jar:/Users/ericboris/.m2/repository/org/apache/maven/surefire/surefire-logger-api/3.0.0-M4/surefire-logger-api-3.0.0-M4.jar:/Users/ericboris/Documents/CSE 344/HW5/target/test-classes:/Users/ericboris/Documents/CSE 344/HW5/target/classes:/Users/ericboris/.m2/repository/junit/junit/4.13/junit-4.13.jar:/Users/ericboris/.m2/repository/org/hamcrest/hamcrest-core/1.3/hamcrest-core-1.3.jar:/Users/ericboris/.m2/repository/com/microsoft/sqlserver/mssql-jdbc/8.2.0.jre11/mssql-jdbc-8.2.0.jre11.jar:/Users/ericboris/.m2/repository/org/mybatis/mybatis/3.5.4/mybatis-3.5.4.jar:/Users/ericboris/Documents/CSE 344/HW5/distributed.jar:/Users/ericboris/.m2/repository/org/apache/maven/surefire/surefire-junit4/3.0.0-M4/surefire-junit4-3.0.0-M4.jar:/Users/ericboris/.m2/repository/org/apache/maven/surefire/common-java5/3.0.0-M4/common-java5-3.0.0-M4.jar:/Users/ericboris/.m2/repository/org/apache/maven/surefire/common-junit3/3.0.0-M4/common-junit3-3.0.0-M4.jar:/Users/ericboris/.m2/repository/org/apache/maven/surefire/common-junit4/3.0.0-M4/common-junit4-3.0.0-M4.jar"/>
    <property name="java.vm.vendor" value="Oracle Corporation"/>
    <property name="sun.arch.data.model" value="64"/>
    <property name="java.vendor.url" value="https://java.oracle.com/"/>
    <property name="os.name" value="Mac OS X"/>
    <property name="java.vm.specification.version" value="15"/>
    <property name="sun.java.launcher" value="SUN_STANDARD"/>
    <property name="user.country" value="US"/>
    <property name="sun.boot.library.path" value="/Library/Java/JavaVirtualMachines/jdk-15.0.1.jdk/Contents/Home/lib"/>
    <property name="sun.java.command" value="org.apache.maven.surefire.booter.ForkedBooter /Users/ericboris/Documents/CSE 344/HW5/target/surefire 2020-11-20T17-54-13_010-jvmRun1 surefire421858953004127591tmp surefire_014256305065618562997tmp"/>
    <property name="http.nonProxyHosts" value="local|*.local|169.254/16|*.169.254/16"/>
    <property name="jdk.debug" value="release"/>
    <property name="surefire.test.class.path" value="/Users/ericboris/Documents/CSE 344/HW5/target/test-classes:/Users/ericboris/Documents/CSE 344/HW5/target/classes:/Users/ericboris/.m2/repository/junit/junit/4.13/junit-4.13.jar:/Users/ericboris/.m2/repository/org/hamcrest/hamcrest-core/1.3/hamcrest-core-1.3.jar:/Users/ericboris/.m2/repository/com/microsoft/sqlserver/mssql-jdbc/8.2.0.jre11/mssql-jdbc-8.2.0.jre11.jar:/Users/ericboris/.m2/repository/org/mybatis/mybatis/3.5.4/mybatis-3.5.4.jar:/Users/ericboris/Documents/CSE 344/HW5/distributed.jar:"/>
    <property name="sun.cpu.endian" value="little"/>
    <property name="user.home" value="/Users/ericboris"/>
    <property name="user.language" value="en"/>
    <property name="java.specification.vendor" value="Oracle Corporation"/>
    <property name="java.version.date" value="2020-10-20"/>
    <property name="java.home" value="/Library/Java/JavaVirtualMachines/jdk-15.0.1.jdk/Contents/Home"/>
    <property name="file.separator" value="/"/>
    <property name="basedir" value="/Users/ericboris/Documents/CSE 344/HW5"/>
    <property name="java.vm.compressedOopsMode" value="Zero based"/>
    <property name="line.separator" value="&#10;"/>
    <property name="java.specification.name" value="Java Platform API Specification"/>
    <property name="java.vm.specification.vendor" value="Oracle Corporation"/>
    <property name="sun.management.compiler" value="HotSpot 64-Bit Tiered Compilers"/>
    <property name="ftp.nonProxyHosts" value="local|*.local|169.254/16|*.169.254/16"/>
    <property name="java.runtime.version" value="15.0.1+9-18"/>
    <property name="user.name" value="ericboris"/>
    <property name="path.separator" value=":"/>
    <property name="os.version" value="10.16"/>
    <property name="java.runtime.name" value="Java(TM) SE Runtime Environment"/>
    <property name="file.encoding" value="UTF-8"/>
    <property name="java.vm.name" value="Java HotSpot(TM) 64-Bit Server VM"/>
    <property name="localRepository" value="/Users/ericboris/.m2/repository"/>
    <property name="java.vendor.url.bug" value="https://bugreport.java.com/bugreport/"/>
    <property name="java.io.tmpdir" value="/var/folders/ln/2ydp1s0x5q77xt05jw_rgvj40000gn/T/"/>
    <property name="java.version" value="15.0.1"/>
    <property name="user.dir" value="/Users/ericboris/Documents/CSE 344/HW5"/>
    <property name="os.arch" value="x86_64"/>
    <property name="java.vm.specification.name" value="Java Virtual Machine Specification"/>
    <property name="java.library.path" value="/Users/ericboris/Library/Java/Extensions:/Library/Java/Extensions:/Network/Library/Java/Extensions:/System/Library/Java/Extensions:/usr/lib/java:."/>
    <property name="java.vm.info" value="mixed mode, sharing"/>
    <property name="java.vendor" value="Oracle Corporation"/>
    <property name="java.vm.version" value="15.0.1+9-18"/>
    <property name="sun.io.unicode.encoding" value="UnicodeBig"/>
    <property name="socksNonProxyHosts" value="local|*.local|169.254/16|*.169.254/16"/>
    <property name="java.class.version" value="59.0"/>
  </properties>
  <testcase name="runTest[0]" classname="flightapp.FlightServiceTest" time="1.706"/>
  <testcase name="runTest[1]" classname="flightapp.FlightServiceTest" time="1.188"/>
</testsuite>